[27-Feb-2025 15:31:23 Europe/Berlin] Checking login for: colantapatrick0@gmail.com
[27-Feb-2025 15:31:23 Europe/Berlin] Stored Hash: $2y$10$LM5s2.KoH3evsPhKiUWbzO07Mg21OCI5ItEJ6aFcP5OMmGPX0ZBYW
[27-Feb-2025 15:31:23 Europe/Berlin] Password verification failed!
[27-Feb-2025 15:31:36 Europe/Berlin] Checking login for: colantapatrick0@gmail.com
[27-Feb-2025 15:31:36 Europe/Berlin] Stored Hash: $2y$10$LM5s2.KoH3evsPhKiUWbzO07Mg21OCI5ItEJ6aFcP5OMmGPX0ZBYW
[27-Feb-2025 15:31:36 Europe/Berlin] Password verification failed!
[27-Feb-2025 15:31:39 Europe/Berlin] Checking login for: tobiasjangabriel@gmail.com
[27-Feb-2025 15:31:39 Europe/Berlin] Stored Hash: $2y$10$JR7.sEHWK74OkXWJ2pc8ZOmUw/1BELvvhlcUd3Re.OX.fsSjsY6K2
[27-Feb-2025 15:31:39 Europe/Berlin] Password verification failed!
[27-Feb-2025 15:32:11 Europe/Berlin] Checking login for: colantapatrick0@gmail.com
[27-Feb-2025 15:32:11 Europe/Berlin] Stored Hash: $2y$10$LM5s2.KoH3evsPhKiUWbzO07Mg21OCI5ItEJ6aFcP5OMmGPX0ZBYW
[27-Feb-2025 15:32:11 Europe/Berlin] Password verification failed!
[27-Feb-2025 15:32:58 Europe/Berlin] Checking login for: colantapatrick0@gmail.com
[27-Feb-2025 15:32:58 Europe/Berlin] Stored Hash: $2y$10$LM5s2.KoH3evsPhKiUWbzO07Mg21OCI5ItEJ6aFcP5OMmGPX0ZBYW
[27-Feb-2025 15:32:58 Europe/Berlin] Password verification failed!
[27-Feb-2025 15:36:44 Europe/Berlin] Checking login for: colantapatrick0@gmail.com
[27-Feb-2025 15:36:44 Europe/Berlin] Stored Hash: $2y$10$LM5s2.KoH3evsPhKiUWbzO07Mg21OCI5ItEJ6aFcP5OMmGPX0ZBYW
[27-Feb-2025 15:36:44 Europe/Berlin] Password verification failed!
[27-Feb-2025 15:37:49 Europe/Berlin] Checking login for: colantapatrick0@gmail.com
[27-Feb-2025 15:37:49 Europe/Berlin] Stored Hash: $2y$10$LM5s2.KoH3evsPhKiUWbzO07Mg21OCI5ItEJ6aFcP5OMmGPX0ZBYW
[27-Feb-2025 15:37:49 Europe/Berlin] Password verification failed!
[27-Feb-2025 15:38:19 Europe/Berlin] Checking login for: colantapatrick0@gmail.com
[27-Feb-2025 15:38:19 Europe/Berlin] Stored Hash: $2y$10$LM5s2.KoH3evsPhKiUWbzO07Mg21OCI5ItEJ6aFcP5OMmGPX0ZBYW
[27-Feb-2025 15:38:19 Europe/Berlin] Password verification failed!
[27-Feb-2025 15:38:35 Europe/Berlin] Checking login for: colantapatrick0@gmail.com
[27-Feb-2025 15:38:35 Europe/Berlin] Stored Hash: $2y$10$LM5s2.KoH3evsPhKiUWbzO07Mg21OCI5ItEJ6aFcP5OMmGPX0ZBYW
[27-Feb-2025 15:38:35 Europe/Berlin] Password verification failed!
[27-Feb-2025 15:45:38 Europe/Berlin] Checking login for: colantapatrick0@gmail.com
[27-Feb-2025 15:45:38 Europe/Berlin] Stored Hash: $2y$10$LM5s2.KoH3evsPhKiUWbzO07Mg21OCI5ItEJ6aFcP5OMmGPX0ZBYW
[27-Feb-2025 15:45:38 Europe/Berlin] Password verification failed!
[27-Feb-2025 15:45:47 Europe/Berlin] Checking login for: tobiasjangabriel@gmail.com
[27-Feb-2025 15:45:47 Europe/Berlin] Stored Hash: $2y$10$JR7.sEHWK74OkXWJ2pc8ZOmUw/1BELvvhlcUd3Re.OX.fsSjsY6K2
[27-Feb-2025 15:45:47 Europe/Berlin] Password verification failed!
[27-Feb-2025 16:07:08 Europe/Berlin] Checking login for: colantapatrick0@gmail.com
[27-Feb-2025 16:07:08 Europe/Berlin] Stored Hash: $2y$10$LM5s2.KoH3evsPhKiUWbzO07Mg21OCI5ItEJ6aFcP5OMmGPX0ZBYW
[27-Feb-2025 16:07:08 Europe/Berlin] Password verification failed!
[27-Feb-2025 16:10:44 Europe/Berlin] Checking login for: colantapatrick0@gmail.com
[27-Feb-2025 16:10:44 Europe/Berlin] Stored Hash: $2y$10$LM5s2.KoH3evsPhKiUWbzO07Mg21OCI5ItEJ6aFcP5OMmGPX0ZBYW
[27-Feb-2025 16:10:44 Europe/Berlin] Password verification failed!
[27-Feb-2025 16:12:06 Europe/Berlin] Checking login for: colantapatrick0@gmail.com
[27-Feb-2025 16:12:06 Europe/Berlin] Stored Hash: $2y$10$LM5s2.KoH3evsPhKiUWbzO07Mg21OCI5ItEJ6aFcP5OMmGPX0ZBYW
[27-Feb-2025 16:12:06 Europe/Berlin] Password verification failed!
[27-Feb-2025 16:28:25 Europe/Berlin] Checking login for: colantapatrick0@gmail.com
[27-Feb-2025 16:28:25 Europe/Berlin] Stored Hash: $2y$10$LM5s2.KoH3evsPhKiUWbzO07Mg21OCI5ItEJ6aFcP5OMmGPX0ZBYW
[27-Feb-2025 16:28:25 Europe/Berlin] Password verification failed!
[27-Feb-2025 16:29:35 Europe/Berlin] Checking login for: lorenzmanabat04@gmail.com
[27-Feb-2025 16:29:35 Europe/Berlin] Stored Hash: $2y$10$ubz6PCOxU50pbW4nNItlROypZZr/4hTmYI0dc.qw7MnwGjqATbVji
[27-Feb-2025 16:29:35 Europe/Berlin] Password verification failed!
[27-Feb-2025 16:30:19 Europe/Berlin] Checking login for: tobiasjangabriel@gmail.com
[27-Feb-2025 16:30:19 Europe/Berlin] Stored Hash: $2y$10$JR7.sEHWK74OkXWJ2pc8ZOmUw/1BELvvhlcUd3Re.OX.fsSjsY6K2
[27-Feb-2025 16:30:19 Europe/Berlin] Password verification failed!
[01-Mar-2025 06:59:17 Europe/Berlin] PHP Warning:  mail(): Failed to connect to mailserver at &quot;localhost&quot; port 25, verify your &quot;SMTP&quot; and &quot;smtp_port&quot; setting in php.ini or use ini_set() in C:\xampp2\htdocs\dashboard\CAPSTONE\HRMS\login.php on line 61
[01-Mar-2025 06:59:17 Europe/Berlin] OTP Email Sent: No | OTP: 094369
[01-Mar-2025 06:59:17 Europe/Berlin] Login Response: {"status":"otp_required","message":"OTP sent to your email. Please verify.","otp_required":true,"email":"colantapatrick0@gmail.com"}
